2025-09-15 21:18:56,451 INFO o.a.j.u.JMeterUtils: Setting Locale to en_EN
2025-09-15 21:18:56,477 INFO o.a.j.JMeter: Loading user properties from: C:\Users\Administrator\Downloads\apache-jmeter-5.6.3\apache-jmeter-5.6.3\bin\user.properties
2025-09-15 21:18:56,479 INFO o.a.j.JMeter: Loading system properties from: C:\Users\Administrator\Downloads\apache-jmeter-5.6.3\apache-jmeter-5.6.3\bin\system.properties
2025-09-15 21:18:56,489 INFO o.a.j.JMeter: Copyright (c) 1998-2024 The Apache Software Foundation
2025-09-15 21:18:56,489 INFO o.a.j.JMeter: Version 5.6.3
2025-09-15 21:18:56,489 INFO o.a.j.JMeter: java.version=21
2025-09-15 21:18:56,489 INFO o.a.j.JMeter: java.vm.name=Java HotSpot(TM) 64-Bit Server VM
2025-09-15 21:18:56,490 INFO o.a.j.JMeter: os.name=Windows 11
2025-09-15 21:18:56,490 INFO o.a.j.JMeter: os.arch=amd64
2025-09-15 21:18:56,490 INFO o.a.j.JMeter: os.version=10.0
2025-09-15 21:18:56,490 INFO o.a.j.JMeter: file.encoding=UTF-8
2025-09-15 21:18:56,490 INFO o.a.j.JMeter: java.awt.headless=true
2025-09-15 21:18:56,490 INFO o.a.j.JMeter: Max memory     =1073741824
2025-09-15 21:18:56,490 INFO o.a.j.JMeter: Available Processors =16
2025-09-15 21:18:56,503 INFO o.a.j.JMeter: Default Locale=English (EN)
2025-09-15 21:18:56,503 INFO o.a.j.JMeter: JMeter  Locale=English (EN)
2025-09-15 21:18:56,503 INFO o.a.j.JMeter: JMeterHome=C:\Users\Administrator\Downloads\apache-jmeter-5.6.3\apache-jmeter-5.6.3
2025-09-15 21:18:56,503 INFO o.a.j.JMeter: user.dir  =C:\Users\Administrator\Desktop\Skit
2025-09-15 21:18:56,504 INFO o.a.j.JMeter: PWD       =C:\Users\Administrator\Desktop\Skit
2025-09-15 21:18:56,510 INFO o.a.j.JMeter: IP: 192.168.100.82 Name: ANA FullName: ANA
2025-09-15 21:18:56,524 INFO o.a.j.JMeter: Setting property 'jmeter.reportgenerator.outputdir' to:'C:\Users\Administrator\Desktop\Skit\src\test\jmeter\jmeter-reports\pettypes-and-specialties-ana\html'
2025-09-15 21:18:56,529 INFO o.a.j.s.FileServer: Default base='C:\Users\Administrator\Desktop\Skit'
2025-09-15 21:18:56,530 INFO o.a.j.s.FileServer: Set new base='C:\Users\Administrator\Desktop'
2025-09-15 21:18:56,785 INFO o.a.j.s.SaveService: Testplan (JMX) version: 2.2. Testlog (JTL) version: 2.2
2025-09-15 21:18:56,823 INFO o.a.j.s.SaveService: Using SaveService properties version 5.0
2025-09-15 21:18:56,827 INFO o.a.j.s.SaveService: Using SaveService properties file encoding UTF-8
2025-09-15 21:18:56,831 INFO o.a.j.s.SaveService: Loading file: C:\Users\Administrator\Desktop\petclinic_pettypes_tests.jmx
2025-09-15 21:18:56,904 INFO o.a.j.p.h.s.HTTPSamplerBase: Parser for text/html is org.apache.jmeter.protocol.http.parser.LagartoBasedHtmlParser
2025-09-15 21:18:56,904 INFO o.a.j.p.h.s.HTTPSamplerBase: Parser for application/xhtml+xml is org.apache.jmeter.protocol.http.parser.LagartoBasedHtmlParser
2025-09-15 21:18:56,904 INFO o.a.j.p.h.s.HTTPSamplerBase: Parser for application/xml is org.apache.jmeter.protocol.http.parser.LagartoBasedHtmlParser
2025-09-15 21:18:56,904 INFO o.a.j.p.h.s.HTTPSamplerBase: Parser for text/xml is org.apache.jmeter.protocol.http.parser.LagartoBasedHtmlParser
2025-09-15 21:18:56,904 INFO o.a.j.p.h.s.HTTPSamplerBase: Parser for text/vnd.wap.wml is org.apache.jmeter.protocol.http.parser.RegexpHTMLParser
2025-09-15 21:18:56,904 INFO o.a.j.p.h.s.HTTPSamplerBase: Parser for text/css is org.apache.jmeter.protocol.http.parser.CssParser
2025-09-15 21:18:56,941 INFO o.a.j.JMeter: Creating summariser <summary>
2025-09-15 21:18:56,954 INFO o.a.j.r.d.ReportGenerator: ReportGenerator will use for Parsing the separator: ','
2025-09-15 21:18:56,955 INFO o.a.j.r.d.ReportGenerator: Will generate report at end of test from  results file: C:\\Users\\Administrator\\Desktop\\Skit\\src\\test\\jmeter\\jmeter-reports\\pettypes-and-specialties-ana\\results.jtl
2025-09-15 21:18:56,955 INFO o.a.j.r.d.ReportGenerator: Reading report generator properties from: C:\Users\Administrator\Downloads\apache-jmeter-5.6.3\apache-jmeter-5.6.3\bin\reportgenerator.properties
2025-09-15 21:18:56,956 INFO o.a.j.r.d.ReportGenerator: Merging with JMeter properties
2025-09-15 21:18:56,962 INFO o.a.j.r.c.ReportGeneratorConfiguration: Property 'jmeter.reportgenerator.temp_dir' not found, using default value 'temp' instead.
2025-09-15 21:18:56,963 INFO o.a.j.r.c.ReportGeneratorConfiguration: Property 'jmeter.reportgenerator.apdex_per_transaction' not found, using default value 'null' instead.
2025-09-15 21:18:56,964 INFO o.a.j.r.c.ReportGeneratorConfiguration: apdex_per_transaction is empty, not APDEX per transaction customization
2025-09-15 21:18:56,964 INFO o.a.j.r.c.ReportGeneratorConfiguration: Property 'jmeter.reportgenerator.sample_filter' not found, using default value 'null' instead.
2025-09-15 21:18:56,964 INFO o.a.j.r.c.ReportGeneratorConfiguration: Property 'jmeter.reportgenerator.report_title' not found, using default value 'null' instead.
2025-09-15 21:18:56,965 INFO o.a.j.r.c.ReportGeneratorConfiguration: Property 'jmeter.reportgenerator.start_date' not found, using default value 'null' instead.
2025-09-15 21:18:56,965 INFO o.a.j.r.c.ReportGeneratorConfiguration: Property 'jmeter.reportgenerator.end_date' not found, using default value 'null' instead.
2025-09-15 21:18:56,965 INFO o.a.j.r.c.ReportGeneratorConfiguration: Property 'jmeter.reportgenerator.date_format' not found, using default value 'null' instead.
2025-09-15 21:18:56,966 INFO o.a.j.r.c.ReportGeneratorConfiguration: Will use date range start date: null, end date: null
2025-09-15 21:18:56,970 INFO o.a.j.r.c.ReportGeneratorConfiguration: Property 'jmeter.reportgenerator.graph.totalTPS.exclude_controllers' not found, using default value 'false' instead.
2025-09-15 21:18:56,971 INFO o.a.j.r.c.ReportGeneratorConfiguration: Property 'jmeter.reportgenerator.graph.activeThreadsOverTime.exclude_controllers' not found, using default value 'false' instead.
2025-09-15 21:18:56,971 INFO o.a.j.r.c.ReportGeneratorConfiguration: Property 'jmeter.reportgenerator.graph.timeVsThreads.exclude_controllers' not found, using default value 'false' instead.
2025-09-15 21:18:56,971 INFO o.a.j.r.c.ReportGeneratorConfiguration: Property 'jmeter.reportgenerator.graph.responseTimeDistribution.exclude_controllers' not found, using default value 'false' instead.
2025-09-15 21:18:56,971 INFO o.a.j.r.c.ReportGeneratorConfiguration: Property 'jmeter.reportgenerator.graph.transactionsPerSecond.exclude_controllers' not found, using default value 'false' instead.
2025-09-15 21:18:56,971 INFO o.a.j.r.c.ReportGeneratorConfiguration: Property 'jmeter.reportgenerator.graph.responseTimePercentiles.exclude_controllers' not found, using default value 'false' instead.
2025-09-15 21:18:56,971 INFO o.a.j.r.c.ReportGeneratorConfiguration: Property 'jmeter.reportgenerator.graph.responseTimePercentilesOverTime.exclude_controllers' not found, using default value 'false' instead.
2025-09-15 21:18:56,971 INFO o.a.j.r.c.ReportGeneratorConfiguration: Property 'jmeter.reportgenerator.graph.responseTimesOverTime.exclude_controllers' not found, using default value 'false' instead.
2025-09-15 21:18:56,971 INFO o.a.j.r.c.ReportGeneratorConfiguration: Property 'jmeter.reportgenerator.graph.connectTimeOverTime.exclude_controllers' not found, using default value 'false' instead.
2025-09-15 21:18:56,972 INFO o.a.j.r.c.ReportGeneratorConfiguration: Property 'jmeter.reportgenerator.graph.latenciesOverTime.exclude_controllers' not found, using default value 'false' instead.
2025-09-15 21:18:56,973 INFO o.a.j.r.c.ReportGeneratorConfiguration: Property 'jmeter.reportgenerator.exporter.json.filters_only_sample_series' not found, using default value 'true' instead.
2025-09-15 21:18:56,973 INFO o.a.j.r.c.ReportGeneratorConfiguration: Property 'jmeter.reportgenerator.exporter.json.series_filter' not found, using default value '' instead.
2025-09-15 21:18:56,973 INFO o.a.j.r.c.ReportGeneratorConfiguration: Property 'jmeter.reportgenerator.exporter.json.show_controllers_only' not found, using default value 'false' instead.
2025-09-15 21:18:56,973 INFO o.a.j.r.c.ReportGeneratorConfiguration: Property 'jmeter.reportgenerator.exporter.html.filters_only_sample_series' not found, using default value 'true' instead.
2025-09-15 21:18:56,974 INFO o.a.j.r.c.ReportGeneratorConfiguration: Property 'jmeter.reportgenerator.exporter.html.series_filter' not found, using default value '' instead.
2025-09-15 21:18:56,974 INFO o.a.j.r.c.ReportGeneratorConfiguration: Property 'jmeter.reportgenerator.exporter.html.show_controllers_only' not found, using default value 'false' instead.
2025-09-15 21:18:56,993 INFO o.a.j.e.StandardJMeterEngine: Running the test!
2025-09-15 21:18:56,994 INFO o.a.j.s.SampleEvent: List of sample_variables: []
2025-09-15 21:18:56,995 INFO o.a.j.s.SampleEvent: List of sample_variables: []
2025-09-15 21:18:57,004 INFO o.a.j.e.u.CompoundVariable: Note: Function class names must contain the string: '.functions.'
2025-09-15 21:18:57,004 INFO o.a.j.e.u.CompoundVariable: Note: Function class names must not contain the string: '.gui.'
2025-09-15 21:18:57,113 INFO o.a.j.JMeter: Running test (1757963937113)
2025-09-15 21:18:57,134 INFO o.a.j.e.StandardJMeterEngine: Starting ThreadGroup: 1 : Thread Group
2025-09-15 21:18:57,135 INFO o.a.j.e.StandardJMeterEngine: Starting 10 threads for group Thread Group.
2025-09-15 21:18:57,135 INFO o.a.j.e.StandardJMeterEngine: Thread will continue on error
2025-09-15 21:18:57,135 INFO o.a.j.t.ThreadGroup: Starting thread group... number=1 threads=10 ramp-up=60 delayedStart=false
2025-09-15 21:18:57,149 INFO o.a.j.t.JMeterThread: Thread started: Thread Group 1-1
2025-09-15 21:18:57,153 INFO o.a.j.t.ThreadGroup: Started thread group number 1
2025-09-15 21:18:57,153 INFO o.a.j.e.StandardJMeterEngine: All thread groups have been started
2025-09-15 21:18:57,175 INFO o.a.j.p.h.s.HTTPHCAbstractImpl: Local host = ANA
2025-09-15 21:18:57,181 INFO o.a.j.p.h.s.HTTPHC4Impl: HTTP request retry count = 0
2025-09-15 21:18:57,183 INFO o.a.j.s.SampleResult: Note: Sample TimeStamps are START times
2025-09-15 21:18:57,183 INFO o.a.j.s.SampleResult: sampleresult.default.encoding is set to UTF-8
2025-09-15 21:18:57,183 INFO o.a.j.s.SampleResult: sampleresult.useNanoTime=true
2025-09-15 21:18:57,183 INFO o.a.j.s.SampleResult: sampleresult.nanoThreadSleep=5000
2025-09-15 21:18:57,852 INFO o.a.j.t.JMeterThread: Thread is done: Thread Group 1-1
2025-09-15 21:18:57,853 INFO o.a.j.t.JMeterThread: Thread finished: Thread Group 1-1
2025-09-15 21:19:03,149 INFO o.a.j.t.JMeterThread: Thread started: Thread Group 1-2
2025-09-15 21:19:03,161 INFO o.a.j.r.Summariser: summary +     51 in 00:00:06 =    8.4/s Avg:     9 Min:     6 Max:    54 Err:     0 (0.00%) Active: 1 Started: 2 Finished: 1
2025-09-15 21:19:03,565 INFO o.a.j.t.JMeterThread: Thread is done: Thread Group 1-2
2025-09-15 21:19:03,565 INFO o.a.j.t.JMeterThread: Thread finished: Thread Group 1-2
2025-09-15 21:19:09,153 INFO o.a.j.t.JMeterThread: Thread started: Thread Group 1-3
2025-09-15 21:19:09,596 INFO o.a.j.t.JMeterThread: Thread is done: Thread Group 1-3
2025-09-15 21:19:09,596 INFO o.a.j.t.JMeterThread: Thread finished: Thread Group 1-3
2025-09-15 21:19:15,140 INFO o.a.j.t.JMeterThread: Thread started: Thread Group 1-4
2025-09-15 21:19:15,509 INFO o.a.j.t.JMeterThread: Thread is done: Thread Group 1-4
2025-09-15 21:19:15,509 INFO o.a.j.t.JMeterThread: Thread finished: Thread Group 1-4
2025-09-15 21:19:21,140 INFO o.a.j.t.JMeterThread: Thread started: Thread Group 1-5
2025-09-15 21:19:21,470 INFO o.a.j.t.JMeterThread: Thread is done: Thread Group 1-5
2025-09-15 21:19:21,470 INFO o.a.j.t.JMeterThread: Thread finished: Thread Group 1-5
2025-09-15 21:19:27,138 INFO o.a.j.t.JMeterThread: Thread started: Thread Group 1-6
2025-09-15 21:19:27,482 INFO o.a.j.t.JMeterThread: Thread is done: Thread Group 1-6
2025-09-15 21:19:27,482 INFO o.a.j.t.JMeterThread: Thread finished: Thread Group 1-6
2025-09-15 21:19:33,140 INFO o.a.j.t.JMeterThread: Thread started: Thread Group 1-7
2025-09-15 21:19:33,148 INFO o.a.j.r.Summariser: summary +    250 in 00:00:30 =    8.3/s Avg:     7 Min:     3 Max:    36 Err:     0 (0.00%) Active: 1 Started: 7 Finished: 6
2025-09-15 21:19:33,149 INFO o.a.j.r.Summariser: summary =    301 in 00:00:36 =    8.4/s Avg:     7 Min:     3 Max:    54 Err:     0 (0.00%)
2025-09-15 21:19:33,466 INFO o.a.j.t.JMeterThread: Thread is done: Thread Group 1-7
2025-09-15 21:19:33,466 INFO o.a.j.t.JMeterThread: Thread finished: Thread Group 1-7
2025-09-15 21:19:39,137 INFO o.a.j.t.JMeterThread: Thread started: Thread Group 1-8
2025-09-15 21:19:39,441 INFO o.a.j.t.JMeterThread: Thread is done: Thread Group 1-8
2025-09-15 21:19:39,442 INFO o.a.j.t.JMeterThread: Thread finished: Thread Group 1-8
2025-09-15 21:19:45,138 INFO o.a.j.t.JMeterThread: Thread started: Thread Group 1-9
2025-09-15 21:19:45,415 INFO o.a.j.t.JMeterThread: Thread is done: Thread Group 1-9
2025-09-15 21:19:45,415 INFO o.a.j.t.JMeterThread: Thread finished: Thread Group 1-9
2025-09-15 21:19:51,138 INFO o.a.j.t.JMeterThread: Thread started: Thread Group 1-10
2025-09-15 21:19:51,452 INFO o.a.j.t.JMeterThread: Thread is done: Thread Group 1-10
2025-09-15 21:19:51,452 INFO o.a.j.t.JMeterThread: Thread finished: Thread Group 1-10
2025-09-15 21:19:51,452 INFO o.a.j.e.StandardJMeterEngine: Notifying test listeners of end of test
2025-09-15 21:19:51,453 INFO o.a.j.r.Summariser: summary +    199 in 00:00:18 =   10.9/s Avg:     5 Min:     3 Max:    32 Err:     0 (0.00%) Active: 0 Started: 10 Finished: 10
2025-09-15 21:19:51,454 INFO o.a.j.r.Summariser: summary =    500 in 00:00:54 =    9.2/s Avg:     6 Min:     3 Max:    54 Err:     0 (0.00%)
2025-09-15 21:19:51,455 INFO o.a.j.JMeter: Generating Dashboard
2025-09-15 21:19:51,455 INFO o.a.j.r.d.ReportGenerator: Flushing result collector before report Generation
2025-09-15 21:19:51,468 INFO o.a.j.r.p.NormalizerSampleConsumer: Using format, 'ms', to parse timeStamp field
2025-09-15 21:19:51,622 INFO o.a.j.r.p.AbstractSampleConsumer: class org.apache.jmeter.report.processor.AggregateConsumer#stopProducing(): beginDate produced 0 samples
2025-09-15 21:19:51,622 INFO o.a.j.r.p.AbstractSampleConsumer: class org.apache.jmeter.report.processor.AggregateConsumer#stopProducing(): endDate produced 0 samples
2025-09-15 21:19:51,631 INFO o.a.j.r.p.AbstractSampleConsumer: class org.apache.jmeter.report.processor.ApdexSummaryConsumer#stopProducing(): apdexSummary produced 0 samples
2025-09-15 21:19:51,631 INFO o.a.j.r.p.AbstractSampleConsumer: class org.apache.jmeter.report.processor.RequestsSummaryConsumer#stopProducing(): requestsSummary produced 0 samples
2025-09-15 21:19:51,638 INFO o.a.j.r.p.AbstractSampleConsumer: class org.apache.jmeter.report.processor.StatisticsSummaryConsumer#stopProducing(): statisticsSummary produced 0 samples
2025-09-15 21:19:51,641 INFO o.a.j.r.p.AbstractSampleConsumer: class org.apache.jmeter.report.processor.Top5ErrorsBySamplerConsumer#stopProducing(): top5ErrorsBySampler produced 0 samples
2025-09-15 21:19:51,641 INFO o.a.j.r.p.AbstractSampleConsumer: class org.apache.jmeter.report.processor.ErrorsSummaryConsumer#stopProducing(): errorsSummary produced 0 samples
2025-09-15 21:19:51,641 INFO o.a.j.r.p.AbstractSampleConsumer: class org.apache.jmeter.report.processor.graph.impl.HitsPerSecondGraphConsumer#stopProducing(): hitsPerSecond produced 0 samples
2025-09-15 21:19:51,682 INFO o.a.j.r.p.AbstractSampleConsumer: class org.apache.jmeter.report.processor.graph.impl.LatencyVSRequestGraphConsumer#stopProducing(): latencyVsRequest produced 0 samples
2025-09-15 21:19:51,682 INFO o.a.j.r.p.AbstractSampleConsumer: class org.apache.jmeter.report.processor.graph.impl.SyntheticResponseTimeDistributionGraphConsumer#stopProducing(): syntheticResponseTimeDistribution produced 0 samples
2025-09-15 21:19:51,683 INFO o.a.j.r.p.AbstractSampleConsumer: class org.apache.jmeter.report.processor.graph.impl.BytesThroughputGraphConsumer#stopProducing(): bytesThroughputOverTime produced 0 samples
2025-09-15 21:19:51,683 INFO o.a.j.r.p.AbstractSampleConsumer: class org.apache.jmeter.report.processor.graph.impl.CodesPerSecondGraphConsumer#stopProducing(): codesPerSecond produced 0 samples
2025-09-15 21:19:51,692 INFO o.a.j.r.p.AbstractSampleConsumer: class org.apache.jmeter.report.processor.graph.impl.ResponseTimeVSRequestGraphConsumer#stopProducing(): responseTimeVsRequest produced 0 samples
2025-09-15 21:19:51,693 INFO o.a.j.r.p.AbstractSampleConsumer: class org.apache.jmeter.report.processor.FilterConsumer#stopProducing(): startIntervalControlerFilter produced 3500 samples
2025-09-15 21:19:51,693 INFO o.a.j.r.p.AbstractSampleConsumer: class org.apache.jmeter.report.processor.graph.impl.TotalTPSGraphConsumer#stopProducing(): totalTPS produced 0 samples
2025-09-15 21:19:51,694 INFO o.a.j.r.p.AbstractSampleConsumer: class org.apache.jmeter.report.processor.graph.impl.ActiveThreadsGraphConsumer#stopProducing(): activeThreadsOverTime produced 0 samples
2025-09-15 21:19:51,694 INFO o.a.j.r.p.AbstractSampleConsumer: class org.apache.jmeter.report.processor.graph.impl.TimeVSThreadGraphConsumer#stopProducing(): timeVsThreads produced 0 samples
2025-09-15 21:19:51,695 INFO o.a.j.r.p.AbstractSampleConsumer: class org.apache.jmeter.report.processor.graph.impl.ResponseTimeDistributionGraphConsumer#stopProducing(): responseTimeDistribution produced 0 samples
2025-09-15 21:19:51,695 INFO o.a.j.r.p.AbstractSampleConsumer: class org.apache.jmeter.report.processor.graph.impl.TransactionsPerSecondGraphConsumer#stopProducing(): transactionsPerSecond produced 0 samples
2025-09-15 21:19:51,696 INFO o.a.j.r.p.AbstractSampleConsumer: class org.apache.jmeter.report.processor.graph.impl.ResponseTimePercentilesGraphConsumer#stopProducing(): responseTimePercentiles produced 0 samples
2025-09-15 21:19:51,700 INFO o.a.j.r.p.AbstractSampleConsumer: class org.apache.jmeter.report.processor.graph.impl.ResponseTimePercentilesOverTimeGraphConsumer#stopProducing(): responseTimePercentilesOverTime produced 0 samples
2025-09-15 21:19:51,701 INFO o.a.j.r.p.AbstractSampleConsumer: class org.apache.jmeter.report.processor.graph.impl.ResponseTimeOverTimeGraphConsumer#stopProducing(): responseTimesOverTime produced 0 samples
2025-09-15 21:19:51,701 INFO o.a.j.r.p.AbstractSampleConsumer: class org.apache.jmeter.report.processor.graph.impl.ConnectTimeOverTimeGraphConsumer#stopProducing(): connectTimeOverTime produced 0 samples
2025-09-15 21:19:51,701 INFO o.a.j.r.p.AbstractSampleConsumer: class org.apache.jmeter.report.processor.graph.impl.LatencyOverTimeGraphConsumer#stopProducing(): latenciesOverTime produced 0 samples
2025-09-15 21:19:51,701 INFO o.a.j.r.p.AbstractSampleConsumer: class org.apache.jmeter.report.processor.FilterConsumer#stopProducing(): nameFilter produced 7500 samples
2025-09-15 21:19:51,701 INFO o.a.j.r.p.AbstractSampleConsumer: class org.apache.jmeter.report.processor.FilterConsumer#stopProducing(): dateRangeFilter produced 1500 samples
2025-09-15 21:19:51,701 INFO o.a.j.r.p.AbstractSampleConsumer: class org.apache.jmeter.report.processor.NormalizerSampleConsumer#stopProducing(): normalizer produced 500 samples
2025-09-15 21:19:51,702 INFO o.a.j.r.p.CsvFileSampleSource: produce(): 500 samples produced in 197ms on channel 0
2025-09-15 21:19:51,702 INFO o.a.j.r.d.ReportGenerator: Exporting data using exporter:'json' of className:'org.apache.jmeter.report.dashboard.JsonExporter'
2025-09-15 21:19:51,810 INFO o.a.j.r.d.JsonExporter: Found data for consumer statisticsSummary in context
2025-09-15 21:19:51,810 INFO o.a.j.r.d.JsonExporter: Creating statistics for overall
2025-09-15 21:19:51,810 INFO o.a.j.r.d.JsonExporter: Creating statistics for other transactions
2025-09-15 21:19:51,811 INFO o.a.j.r.d.JsonExporter: Checking output folder
2025-09-15 21:19:51,811 INFO o.a.j.r.d.JsonExporter: Writing statistics JSON to C:\Users\Administrator\Desktop\Skit\src\test\jmeter\jmeter-reports\pettypes-and-specialties-ana\html\statistics.json
2025-09-15 21:19:51,883 INFO o.a.j.r.d.ReportGenerator: Exporting data using exporter:'html' of className:'org.apache.jmeter.report.dashboard.HtmlTemplateExporter'
2025-09-15 21:19:51,888 INFO o.a.j.r.d.HtmlTemplateExporter: Will generate dashboard in folder: C:\Users\Administrator\Desktop\Skit\src\test\jmeter\jmeter-reports\pettypes-and-specialties-ana\html
2025-09-15 21:19:52,154 INFO o.a.j.r.d.HtmlTemplateExporter: Report will be generated in: C:\Users\Administrator\Desktop\Skit\src\test\jmeter\jmeter-reports\pettypes-and-specialties-ana\html, creating folder structure
2025-09-15 21:19:52,158 INFO o.a.j.r.d.TemplateVisitor: Copying folder from 'C:\Users\Administrator\Downloads\apache-jmeter-5.6.3\apache-jmeter-5.6.3\bin\report-template' to 'C:\Users\Administrator\Desktop\Skit\src\test\jmeter\jmeter-reports\pettypes-and-specialties-ana\html', got message: C:\Users\Administrator\Desktop\Skit\src\test\jmeter\jmeter-reports\pettypes-and-specialties-ana\html, found non empty folder with following content [C:\Users\Administrator\Desktop\Skit\src\test\jmeter\jmeter-reports\pettypes-and-specialties-ana\html\statistics.json], will be ignored
2025-09-15 21:19:52,749 INFO o.a.j.JMeter: Dashboard generated
